<?xml version="1.0" encoding="UTF-8"?>
<testsuite xmlns:xsi="http://www.w3.org/2001/XMLSchema-instance" xsi:noNamespaceSchemaLocation="https://maven.apache.org/surefire/maven-surefire-plugin/xsd/surefire-test-report-3.0.xsd" version="3.0" name="ee.ut.math.tvt.salessystem.logic.ShoppingCartTest" time="0" tests="5" errors="1" skipped="0" failures="0">
  <properties>
[...]
</properties>
  <testcase name="testCancelCurrentPurchase" classname="ee.ut.math.tvt.salessystem.logic.ShoppingCartTest" time="0"/>
  <testcase name="testSubmitCurrentPurchase" classname="ee.ut.math.tvt.salessystem.logic.ShoppingCartTest" time="0"/>
  <testcase name="testAddItemWithSoldItemWhereGetPriceIsZero" classname="ee.ut.math.tvt.salessystem.logic.ShoppingCartTest" time="0">
    <error message="Cannot invoke &quot;java.lang.Integer.intValue()&quot; because the return value of &quot;ee.ut.math.tvt.salessystem.dataobjects.SoldItem.getQuantity()&quot; is null" type="java.lang.NullPointerException"><![CDATA[java.lang.NullPointerException: Cannot invoke "java.lang.Integer.intValue()" because the return value of "ee.ut.math.tvt.salessystem.dataobjects.SoldItem.getQuantity()" is null
	at ee.ut.math.tvt.salessystem.logic.ShoppingCart.addItem(ShoppingCart.java:25)
	at ee.ut.math.tvt.salessystem.logic.ShoppingCartTest.testAddItemWithSoldItemWhereGetPriceIsZero(ShoppingCartTest.java:57)
	at java.base/jdk.internal.reflect.DirectMethodHandleAccessor.invoke(DirectMethodHandleAccessor.java:103)
	at java.base/java.lang.reflect.Method.invoke(Method.java:580)
	at org.junit.runners.model.FrameworkMethod$1.runReflectiveCall(FrameworkMethod.java:59)
	at org.junit.internal.runners.model.ReflectiveCallable.run(ReflectiveCallable.java:12)
	at org.junit.runners.model.FrameworkMethod.invokeExplosively(FrameworkMethod.java:56)
	at org.junit.internal.runners.statements.InvokeMethod.evaluate(InvokeMethod.java:17)
	at org.junit.internal.runners.statements.FailOnTimeout$CallableStatement.call(FailOnTimeout.java:288)
	at org.junit.internal.runners.statements.FailOnTimeout$CallableStatement.call(FailOnTimeout.java:282)
	at java.base/java.util.concurrent.FutureTask.run(FutureTask.java:317)
	at java.base/java.lang.Thread.run(Thread.java:1583)
]]></error>
  </testcase>
  <testcase name="testGetAll" classname="ee.ut.math.tvt.salessystem.logic.ShoppingCartTest" time="0"/>
  <testcase name="testAddItemWithSoldItemWhereGetSumIsZero" classname="ee.ut.math.tvt.salessystem.logic.ShoppingCartTest" time="0"/>
</testsuite>